<?xml version="1.0" encoding="UTF-8"?>
<!-- Generated by org.testng.reporters.JUnitReportReporter -->
<testsuite hostname="Sul_Ferdous" failures="0" tests="2" name="steps.RunnerFile" time="0.173" errors="2" timestamp="2022-12-02T21:15:33 EST" skipped="0">
  <testcase classname="steps.RunnerFile" name="runScenario" time="0.167">
    <error message="The driver executable does not exist: C:\Users\sulta\eclipse-workspace\SeleniumLearning\.\drivers\chromedriver.exe" type="java.lang.IllegalStateException">
      <![CDATA[java.lang.IllegalStateException: The driver executable does not exist: C:\Users\sulta\eclipse-workspace\SeleniumLearning\.\drivers\chromedriver.exe
at com.google.common.base.Preconditions.checkState(Preconditions.java:585)
at org.openqa.selenium.remote.service.DriverService.checkExecutable(DriverService.java:146)
at org.openqa.selenium.remote.service.DriverService.findExecutable(DriverService.java:141)
at org.openqa.selenium.chrome.ChromeDriverService.access$000(ChromeDriverService.java:35)
at org.openqa.selenium.chrome.ChromeDriverService$Builder.findDefaultExecutable(ChromeDriverService.java:159)
at org.openqa.selenium.remote.service.DriverService$Builder.build(DriverService.java:355)
at org.openqa.selenium.chrome.ChromeDriverService.createDefaultService(ChromeDriverService.java:94)
at org.openqa.selenium.chrome.ChromeDriver.<init>(ChromeDriver.java:123)
at steps.LogInTest.launch_chrome_browser_and_load_url(LogInTest.java:14)
at ✽.Launch chrome browser and load url(file:src/test/java/features/doc.feature:5)
]]>
    </error>
  </testcase> <!-- runScenario -->
  <testcase classname="steps.RunnerFile" name="runScenario" time="0.006">
    <error message="The driver executable does not exist: C:\Users\sulta\eclipse-workspace\SeleniumLearning\.\drivers\chromedriver.exe" type="java.lang.IllegalStateException">
      <![CDATA[java.lang.IllegalStateException: The driver executable does not exist: C:\Users\sulta\eclipse-workspace\SeleniumLearning\.\drivers\chromedriver.exe
at com.google.common.base.Preconditions.checkState(Preconditions.java:585)
at org.openqa.selenium.remote.service.DriverService.checkExecutable(DriverService.java:146)
at org.openqa.selenium.remote.service.DriverService.findExecutable(DriverService.java:141)
at org.openqa.selenium.chrome.ChromeDriverService.access$000(ChromeDriverService.java:35)
at org.openqa.selenium.chrome.ChromeDriverService$Builder.findDefaultExecutable(ChromeDriverService.java:159)
at org.openqa.selenium.remote.service.DriverService$Builder.build(DriverService.java:355)
at org.openqa.selenium.chrome.ChromeDriverService.createDefaultService(ChromeDriverService.java:94)
at org.openqa.selenium.chrome.ChromeDriver.<init>(ChromeDriver.java:123)
at steps.LogInTest.launch_chrome_browser_and_load_url(LogInTest.java:14)
at ✽.Launch chrome browser and load url(file:src/test/java/features/doc.feature:16)
]]>
    </error>
  </testcase> <!-- runScenario -->
</testsuite> <!-- steps.RunnerFile -->
