<?xml version="1.0" encoding="UTF-8"?>
<!-- Generated by org.testng.reporters.JUnitReportReporter -->
<testsuite hostname="Sul_Ferdous" failures="0" tests="5" name="stepsA.RunnerFileStebA" time="0.225" errors="5" timestamp="2022-12-04T19:28:14 EST" skipped="0">
  <testcase classname="stepsA.RunnerFileStebA" name="runScenario" time="0.198">
    <error message="The driver executable does not exist: C:\Users\sulta\eclipse-workspace\SeleniumLearning\.\drivers\chromedriver.exe" type="java.lang.IllegalStateException">
      <![CDATA[java.lang.IllegalStateException: The driver executable does not exist: C:\Users\sulta\eclipse-workspace\SeleniumLearning\.\drivers\chromedriver.exe
at com.google.common.base.Preconditions.checkState(Preconditions.java:585)
at org.openqa.selenium.remote.service.DriverService.checkExecutable(DriverService.java:146)
at org.openqa.selenium.remote.service.DriverService.findExecutable(DriverService.java:141)
at org.openqa.selenium.chrome.ChromeDriverService.access$000(ChromeDriverService.java:35)
at org.openqa.selenium.chrome.ChromeDriverService$Builder.findDefaultExecutable(ChromeDriverService.java:159)
at org.openqa.selenium.remote.service.DriverService$Builder.build(DriverService.java:355)
at org.openqa.selenium.chrome.ChromeDriverService.createDefaultService(ChromeDriverService.java:94)
at org.openqa.selenium.chrome.ChromeDriver.<init>(ChromeDriver.java:123)
at stepsA.LogInStepA.launch_chrome_browser_and_load_URL(LogInStepA.java:17)
at ✽.Launch chrome browser and load URL(file:src/test/java/feature_2/doc.feature:5)
]]>
    </error>
  </testcase> <!-- runScenario -->
  <testcase classname="stepsA.RunnerFileStebA" name="runScenario" time="0.007">
    <error message="The driver executable does not exist: C:\Users\sulta\eclipse-workspace\SeleniumLearning\.\drivers\chromedriver.exe" type="java.lang.IllegalStateException">
      <![CDATA[java.lang.IllegalStateException: The driver executable does not exist: C:\Users\sulta\eclipse-workspace\SeleniumLearning\.\drivers\chromedriver.exe
at com.google.common.base.Preconditions.checkState(Preconditions.java:585)
at org.openqa.selenium.remote.service.DriverService.checkExecutable(DriverService.java:146)
at org.openqa.selenium.remote.service.DriverService.findExecutable(DriverService.java:141)
at org.openqa.selenium.chrome.ChromeDriverService.access$000(ChromeDriverService.java:35)
at org.openqa.selenium.chrome.ChromeDriverService$Builder.findDefaultExecutable(ChromeDriverService.java:159)
at org.openqa.selenium.remote.service.DriverService$Builder.build(DriverService.java:355)
at org.openqa.selenium.chrome.ChromeDriverService.createDefaultService(ChromeDriverService.java:94)
at org.openqa.selenium.chrome.ChromeDriver.<init>(ChromeDriver.java:123)
at stepsA.LogInStepA.launch_chrome_browser_and_load_URL(LogInStepA.java:17)
at ✽.Launch chrome browser and load URL(file:src/test/java/feature_2/doc.feature:24)
]]>
    </error>
  </testcase> <!-- runScenario -->
  <testcase classname="stepsA.RunnerFileStebA" name="runScenario" time="0.011">
    <error message="The driver executable does not exist: C:\Users\sulta\eclipse-workspace\SeleniumLearning\.\drivers\chromedriver.exe" type="java.lang.IllegalStateException">
      <![CDATA[java.lang.IllegalStateException: The driver executable does not exist: C:\Users\sulta\eclipse-workspace\SeleniumLearning\.\drivers\chromedriver.exe
at com.google.common.base.Preconditions.checkState(Preconditions.java:585)
at org.openqa.selenium.remote.service.DriverService.checkExecutable(DriverService.java:146)
at org.openqa.selenium.remote.service.DriverService.findExecutable(DriverService.java:141)
at org.openqa.selenium.chrome.ChromeDriverService.access$000(ChromeDriverService.java:35)
at org.openqa.selenium.chrome.ChromeDriverService$Builder.findDefaultExecutable(ChromeDriverService.java:159)
at org.openqa.selenium.remote.service.DriverService$Builder.build(DriverService.java:355)
at org.openqa.selenium.chrome.ChromeDriverService.createDefaultService(ChromeDriverService.java:94)
at org.openqa.selenium.chrome.ChromeDriver.<init>(ChromeDriver.java:123)
at stepsA.LogInStepA.launch_chrome_browser_and_load_URL(LogInStepA.java:17)
at ✽.Launch chrome browser and load URL(file:src/test/java/feature_2/doc.feature:24)
]]>
    </error>
  </testcase> <!-- runScenario -->
  <testcase classname="stepsA.RunnerFileStebA" name="runScenario" time="0.005">
    <error message="The driver executable does not exist: C:\Users\sulta\eclipse-workspace\SeleniumLearning\.\drivers\chromedriver.exe" type="java.lang.IllegalStateException">
      <![CDATA[java.lang.IllegalStateException: The driver executable does not exist: C:\Users\sulta\eclipse-workspace\SeleniumLearning\.\drivers\chromedriver.exe
at com.google.common.base.Preconditions.checkState(Preconditions.java:585)
at org.openqa.selenium.remote.service.DriverService.checkExecutable(DriverService.java:146)
at org.openqa.selenium.remote.service.DriverService.findExecutable(DriverService.java:141)
at org.openqa.selenium.chrome.ChromeDriverService.access$000(ChromeDriverService.java:35)
at org.openqa.selenium.chrome.ChromeDriverService$Builder.findDefaultExecutable(ChromeDriverService.java:159)
at org.openqa.selenium.remote.service.DriverService$Builder.build(DriverService.java:355)
at org.openqa.selenium.chrome.ChromeDriverService.createDefaultService(ChromeDriverService.java:94)
at org.openqa.selenium.chrome.ChromeDriver.<init>(ChromeDriver.java:123)
at stepsA.LogInStepA.launch_chrome_browser_and_load_URL(LogInStepA.java:17)
at ✽.Launch chrome browser and load URL(file:src/test/java/feature_2/doc.feature:44)
]]>
    </error>
  </testcase> <!-- runScenario -->
  <testcase classname="stepsA.RunnerFileStebA" name="runScenario" time="0.004">
    <error message="The driver executable does not exist: C:\Users\sulta\eclipse-workspace\SeleniumLearning\.\drivers\chromedriver.exe" type="java.lang.IllegalStateException">
      <![CDATA[java.lang.IllegalStateException: The driver executable does not exist: C:\Users\sulta\eclipse-workspace\SeleniumLearning\.\drivers\chromedriver.exe
at com.google.common.base.Preconditions.checkState(Preconditions.java:585)
at org.openqa.selenium.remote.service.DriverService.checkExecutable(DriverService.java:146)
at org.openqa.selenium.remote.service.DriverService.findExecutable(DriverService.java:141)
at org.openqa.selenium.chrome.ChromeDriverService.access$000(ChromeDriverService.java:35)
at org.openqa.selenium.chrome.ChromeDriverService$Builder.findDefaultExecutable(ChromeDriverService.java:159)
at org.openqa.selenium.remote.service.DriverService$Builder.build(DriverService.java:355)
at org.openqa.selenium.chrome.ChromeDriverService.createDefaultService(ChromeDriverService.java:94)
at org.openqa.selenium.chrome.ChromeDriver.<init>(ChromeDriver.java:123)
at stepsA.LogInStepA.launch_chrome_browser_and_load_URL(LogInStepA.java:17)
at ✽.Launch chrome browser and load URL(file:src/test/java/feature_2/doc.feature:5)
]]>
    </error>
  </testcase> <!-- runScenario -->
</testsuite> <!-- stepsA.RunnerFileStebA -->
