<?xml version="1.0" encoding="UTF-8"?>
<!-- Generated by org.testng.reporters.JUnitReportReporter -->
<testsuite hostname="Sul_Ferdous" failures="0" tests="3" name="steps_3.RunnerFile" time="0.178" errors="3" timestamp="2022-12-01T20:08:01 EST" skipped="0">
  <testcase classname="steps_3.RunnerFile" name="runScenario" time="0.003">
    <error message="The driver executable does not exist: C:\Users\sulta\eclipse-workspace\SeleniumLearning\&quot;C:\Users\sulta\eclipse-workspace\SeleniumProject\drivers&quot;" type="java.lang.IllegalStateException">
      <![CDATA[java.lang.IllegalStateException: The driver executable does not exist: C:\Users\sulta\eclipse-workspace\SeleniumLearning\"C:\Users\sulta\eclipse-workspace\SeleniumProject\drivers"
at com.google.common.base.Preconditions.checkState(Preconditions.java:585)
at org.openqa.selenium.remote.service.DriverService.checkExecutable(DriverService.java:146)
at org.openqa.selenium.remote.service.DriverService.findExecutable(DriverService.java:141)
at org.openqa.selenium.chrome.ChromeDriverService.access$000(ChromeDriverService.java:35)
at org.openqa.selenium.chrome.ChromeDriverService$Builder.findDefaultExecutable(ChromeDriverService.java:159)
at org.openqa.selenium.remote.service.DriverService$Builder.build(DriverService.java:355)
at org.openqa.selenium.chrome.ChromeDriverService.createDefaultService(ChromeDriverService.java:94)
at org.openqa.selenium.chrome.ChromeDriver.<init>(ChromeDriver.java:123)
at steps_3.LogInTest.launch_Chrome_browser_and_load_url(LogInTest.java:16)
at ✽.Launch Chrome browser and load url(file:src/test/java/features/doc.feature:5)
]]>
    </error>
  </testcase> <!-- runScenario -->
  <testcase classname="steps_3.RunnerFile" name="runScenario" time="0.003">
    <error message="The driver executable does not exist: C:\Users\sulta\eclipse-workspace\SeleniumLearning\&quot;C:\Users\sulta\eclipse-workspace\SeleniumProject\drivers&quot;" type="java.lang.IllegalStateException">
      <![CDATA[java.lang.IllegalStateException: The driver executable does not exist: C:\Users\sulta\eclipse-workspace\SeleniumLearning\"C:\Users\sulta\eclipse-workspace\SeleniumProject\drivers"
at com.google.common.base.Preconditions.checkState(Preconditions.java:585)
at org.openqa.selenium.remote.service.DriverService.checkExecutable(DriverService.java:146)
at org.openqa.selenium.remote.service.DriverService.findExecutable(DriverService.java:141)
at org.openqa.selenium.chrome.ChromeDriverService.access$000(ChromeDriverService.java:35)
at org.openqa.selenium.chrome.ChromeDriverService$Builder.findDefaultExecutable(ChromeDriverService.java:159)
at org.openqa.selenium.remote.service.DriverService$Builder.build(DriverService.java:355)
at org.openqa.selenium.chrome.ChromeDriverService.createDefaultService(ChromeDriverService.java:94)
at org.openqa.selenium.chrome.ChromeDriver.<init>(ChromeDriver.java:123)
at steps_3.LogInTest.launch_Chrome_browser_and_load_url(LogInTest.java:16)
at ✽.Launch Chrome browser and load url(file:src/test/java/features/doc.feature:21)
]]>
    </error>
  </testcase> <!-- runScenario -->
  <testcase classname="steps_3.RunnerFile" name="runScenario" time="0.172">
    <error message="The driver executable does not exist: C:\Users\sulta\eclipse-workspace\SeleniumLearning\&quot;C:\Users\sulta\eclipse-workspace\SeleniumProject\drivers&quot;" type="java.lang.IllegalStateException">
      <![CDATA[java.lang.IllegalStateException: The driver executable does not exist: C:\Users\sulta\eclipse-workspace\SeleniumLearning\"C:\Users\sulta\eclipse-workspace\SeleniumProject\drivers"
at com.google.common.base.Preconditions.checkState(Preconditions.java:585)
at org.openqa.selenium.remote.service.DriverService.checkExecutable(DriverService.java:146)
at org.openqa.selenium.remote.service.DriverService.findExecutable(DriverService.java:141)
at org.openqa.selenium.chrome.ChromeDriverService.access$000(ChromeDriverService.java:35)
at org.openqa.selenium.chrome.ChromeDriverService$Builder.findDefaultExecutable(ChromeDriverService.java:159)
at org.openqa.selenium.remote.service.DriverService$Builder.build(DriverService.java:355)
at org.openqa.selenium.chrome.ChromeDriverService.createDefaultService(ChromeDriverService.java:94)
at org.openqa.selenium.chrome.ChromeDriver.<init>(ChromeDriver.java:123)
at steps_3.LogInTest.launch_Chrome_browser_and_load_url(LogInTest.java:16)
at ✽.Launch Chrome browser and load url(file:src/test/java/features/doc.feature:5)
]]>
    </error>
  </testcase> <!-- runScenario -->
</testsuite> <!-- steps_3.RunnerFile -->
